2018-07-24 19:39:50,443 - table - DEBUG - waiting
2018-07-24 19:39:50,443 - table - DEBUG - waiting
2018-07-24 19:39:50,443 - table - DEBUG - 分支1
2018-07-24 19:39:50,443 - table - DEBUG - 分支1
2018-07-24 19:39:50,443 - table - DEBUG - 测试
2018-07-24 19:39:50,443 - table - DEBUG - 测试
2018-07-24 19:40:21,918 - table - DEBUG - waiting
2018-07-24 19:40:21,918 - table - DEBUG - waiting
2018-07-24 19:40:21,918 - table - DEBUG - 分支1
2018-07-24 19:40:21,918 - table - DEBUG - 分支1
2018-07-24 19:40:21,918 - table - DEBUG - 测试
2018-07-24 19:40:21,918 - table - DEBUG - 测试
2018-07-24 19:46:15,510 - table - DEBUG - waiting
2018-07-24 19:46:15,510 - table - DEBUG - waiting
2018-07-24 19:46:15,510 - table - DEBUG - 分支1
2018-07-24 19:46:15,510 - table - DEBUG - 分支1
2018-07-24 19:46:15,510 - table - DEBUG - 测试
2018-07-24 19:46:15,510 - table - DEBUG - 测试
2018-07-24 19:46:15,510 - table - DEBUG - <FileStorage: 'a.txt' ('text/plain')>
2018-07-24 19:46:15,510 - table - DEBUG - <FileStorage: 'a.txt' ('text/plain')>
2018-07-24 20:00:36,089 - table - DEBUG - <class 'bytes'>
2018-07-24 20:00:36,089 - table - DEBUG - <class 'bytes'>
2018-07-24 20:01:50,736 - table - DEBUG - <class 'bytes'>
2018-07-24 20:01:50,736 - table - DEBUG - <class 'bytes'>
2018-07-24 20:01:50,736 - table - DEBUG - b'Hello\n'
2018-07-24 20:01:50,736 - table - DEBUG - b'Hello\n'
2018-07-24 20:04:21,138 - table - DEBUG - <class 'str'>
2018-07-24 20:04:21,138 - table - DEBUG - <class 'str'>
2018-07-24 20:04:21,138 - table - DEBUG - Hello

2018-07-24 20:04:21,138 - table - DEBUG - Hello

2018-07-25 19:43:56,995 - table - DEBUG - <pymongo.cursor.Cursor object at 0x7f2f37b325c0>
2018-07-25 19:43:56,995 - table - DEBUG - <pymongo.cursor.Cursor object at 0x7f2f37b325c0>
2018-07-25 19:48:56,714 - table - DEBUG - {'_id': ObjectId('5b581cb521386a0d696230a0'), 'task': [{'branch': '分支5', 'illustration': '项目测试5', 'operator': 'chenyun01', 'time': datetime.datetime(2018, 7, 25, 19, 48, 56, 663000), 'id': ObjectId('5b5863a821386a2cb4b35d41'), 'time_out': '2s', 'status': 'waiting', 'file': 'Hello\n', 'result': {'description': None, 'log_url': None, 'url': None}}]}
2018-07-25 19:48:56,714 - table - DEBUG - {'_id': ObjectId('5b581cb521386a0d696230a0'), 'task': [{'branch': '分支5', 'illustration': '项目测试5', 'operator': 'chenyun01', 'time': datetime.datetime(2018, 7, 25, 19, 48, 56, 663000), 'id': ObjectId('5b5863a821386a2cb4b35d41'), 'time_out': '2s', 'status': 'waiting', 'file': 'Hello\n', 'result': {'description': None, 'log_url': None, 'url': None}}]}
2018-07-26 20:53:50,142 - table - DEBUG - 60000
2018-07-26 20:53:50,142 - table - DEBUG - 60000
2018-07-26 21:02:08,254 - table - DEBUG - 600000
2018-07-26 21:02:08,254 - table - DEBUG - 600000
2018-07-26 21:02:55,872 - table - DEBUG - 60000
2018-07-26 21:02:55,872 - table - DEBUG - 60000
2018-07-31 10:38:18,174 - table - DEBUG - {'_id': ObjectId('5b59c64021386a3024e657a7'), 'task': [{'branch': '分支2', 'illustration': '测试', 'operator': 'chenyun01', 'time': datetime.datetime(2018, 7, 26, 21, 2, 55, 872000), 'id': ObjectId('5b59c67f21386a3024e657a9'), 'time_out': 60000, 'status': 'waiting', 'file': 'Hello\n', 'result': {'description': None, 'log_url': None, 'url': None}}, {'branch': '分支1', 'illustration': '测试', 'operator': 'chenyun01', 'time': datetime.datetime(2018, 7, 26, 21, 2, 8, 254000), 'id': ObjectId('5b59c65021386a3024e657a8'), 'time_out': 600000, 'status': 'waiting', 'file': 'Hello\n', 'result': {'description': None, 'log_url': None, 'url': None}}]}
2018-07-31 10:38:18,174 - table - DEBUG - {'_id': ObjectId('5b59c64021386a3024e657a7'), 'task': [{'branch': '分支2', 'illustration': '测试', 'operator': 'chenyun01', 'time': datetime.datetime(2018, 7, 26, 21, 2, 55, 872000), 'id': ObjectId('5b59c67f21386a3024e657a9'), 'time_out': 60000, 'status': 'waiting', 'file': 'Hello\n', 'result': {'description': None, 'log_url': None, 'url': None}}, {'branch': '分支1', 'illustration': '测试', 'operator': 'chenyun01', 'time': datetime.datetime(2018, 7, 26, 21, 2, 8, 254000), 'id': ObjectId('5b59c65021386a3024e657a8'), 'time_out': 600000, 'status': 'waiting', 'file': 'Hello\n', 'result': {'description': None, 'log_url': None, 'url': None}}]}
2018-07-31 10:41:50,027 - table - DEBUG - {'_id': 'task'}
2018-07-31 10:41:50,027 - table - DEBUG - {'_id': 'task'}
2018-07-31 10:41:50,027 - table - DEBUG - <class 'dict'>
2018-07-31 10:41:50,027 - table - DEBUG - <class 'dict'>
2018-07-31 10:44:31,546 - table - DEBUG - [{'task': [{'branch': '分支2', 'illustration': '测试', 'operator': 'chenyun01', 'time': datetime.datetime(2018, 7, 26, 21, 2, 55, 872000), 'id': ObjectId('5b59c67f21386a3024e657a9'), 'time_out': 60000, 'status': 'waiting', 'file': 'Hello\n', 'result': {'description': None, 'log_url': None, 'url': None}}, {'branch': '分支1', 'illustration': '测试', 'operator': 'chenyun01', 'time': datetime.datetime(2018, 7, 26, 21, 2, 8, 254000), 'id': ObjectId('5b59c65021386a3024e657a8'), 'time_out': 600000, 'status': 'waiting', 'file': 'Hello\n', 'result': {'description': None, 'log_url': None, 'url': None}}]}]
2018-07-31 10:44:31,546 - table - DEBUG - [{'task': [{'branch': '分支2', 'illustration': '测试', 'operator': 'chenyun01', 'time': datetime.datetime(2018, 7, 26, 21, 2, 55, 872000), 'id': ObjectId('5b59c67f21386a3024e657a9'), 'time_out': 60000, 'status': 'waiting', 'file': 'Hello\n', 'result': {'description': None, 'log_url': None, 'url': None}}, {'branch': '分支1', 'illustration': '测试', 'operator': 'chenyun01', 'time': datetime.datetime(2018, 7, 26, 21, 2, 8, 254000), 'id': ObjectId('5b59c65021386a3024e657a8'), 'time_out': 600000, 'status': 'waiting', 'file': 'Hello\n', 'result': {'description': None, 'log_url': None, 'url': None}}]}]
2018-07-31 10:44:31,546 - table - DEBUG - <class 'list'>
2018-07-31 10:44:31,546 - table - DEBUG - <class 'list'>
2018-07-31 10:45:29,837 - table - DEBUG - {'task': [{'branch': '分支2', 'illustration': '测试', 'operator': 'chenyun01', 'time': datetime.datetime(2018, 7, 26, 21, 2, 55, 872000), 'id': ObjectId('5b59c67f21386a3024e657a9'), 'time_out': 60000, 'status': 'waiting', 'file': 'Hello\n', 'result': {'description': None, 'log_url': None, 'url': None}}, {'branch': '分支1', 'illustration': '测试', 'operator': 'chenyun01', 'time': datetime.datetime(2018, 7, 26, 21, 2, 8, 254000), 'id': ObjectId('5b59c65021386a3024e657a8'), 'time_out': 600000, 'status': 'waiting', 'file': 'Hello\n', 'result': {'description': None, 'log_url': None, 'url': None}}]}
2018-07-31 10:45:29,837 - table - DEBUG - {'task': [{'branch': '分支2', 'illustration': '测试', 'operator': 'chenyun01', 'time': datetime.datetime(2018, 7, 26, 21, 2, 55, 872000), 'id': ObjectId('5b59c67f21386a3024e657a9'), 'time_out': 60000, 'status': 'waiting', 'file': 'Hello\n', 'result': {'description': None, 'log_url': None, 'url': None}}, {'branch': '分支1', 'illustration': '测试', 'operator': 'chenyun01', 'time': datetime.datetime(2018, 7, 26, 21, 2, 8, 254000), 'id': ObjectId('5b59c65021386a3024e657a8'), 'time_out': 600000, 'status': 'waiting', 'file': 'Hello\n', 'result': {'description': None, 'log_url': None, 'url': None}}]}
2018-07-31 10:45:29,837 - table - DEBUG - <class 'dict'>
2018-07-31 10:45:29,837 - table - DEBUG - <class 'dict'>
2018-07-31 10:46:49,835 - table - DEBUG - {'task': [{'branch': '分支2', 'illustration': '测试', 'operator': 'chenyun01', 'time': datetime.datetime(2018, 7, 26, 21, 2, 55, 872000), 'id': ObjectId('5b59c67f21386a3024e657a9'), 'time_out': 60000, 'status': 'waiting', 'file': 'Hello\n', 'result': {'description': None, 'log_url': None, 'url': None}}, {'branch': '分支1', 'illustration': '测试', 'operator': 'chenyun01', 'time': datetime.datetime(2018, 7, 26, 21, 2, 8, 254000), 'id': ObjectId('5b59c65021386a3024e657a8'), 'time_out': 600000, 'status': 'waiting', 'file': 'Hello\n', 'result': {'description': None, 'log_url': None, 'url': None}}]}
2018-07-31 10:46:49,835 - table - DEBUG - {'task': [{'branch': '分支2', 'illustration': '测试', 'operator': 'chenyun01', 'time': datetime.datetime(2018, 7, 26, 21, 2, 55, 872000), 'id': ObjectId('5b59c67f21386a3024e657a9'), 'time_out': 60000, 'status': 'waiting', 'file': 'Hello\n', 'result': {'description': None, 'log_url': None, 'url': None}}, {'branch': '分支1', 'illustration': '测试', 'operator': 'chenyun01', 'time': datetime.datetime(2018, 7, 26, 21, 2, 8, 254000), 'id': ObjectId('5b59c65021386a3024e657a8'), 'time_out': 600000, 'status': 'waiting', 'file': 'Hello\n', 'result': {'description': None, 'log_url': None, 'url': None}}]}
2018-07-31 10:46:49,835 - table - DEBUG - <class 'dict'>
2018-07-31 10:46:49,835 - table - DEBUG - <class 'dict'>
2018-08-02 16:51:26,895 - table - DEBUG - 600000
2018-08-02 16:51:26,895 - table - DEBUG - 600000
2018-08-02 19:01:15,210 - table - DEBUG - 600000
2018-08-02 19:01:15,210 - table - DEBUG - 600000
2018-08-10 15:34:45,492 - table - DEBUG - st1
2018-08-10 15:34:45,492 - table - DEBUG - st1
2018-08-10 15:34:45,515 - table - DEBUG - <pymongo.cursor.Cursor object at 0x7ff0bbf64908>
2018-08-10 15:34:45,515 - table - DEBUG - <pymongo.cursor.Cursor object at 0x7ff0bbf64908>
2018-08-10 15:36:01,132 - table - DEBUG - st1
2018-08-10 15:36:01,132 - table - DEBUG - st1
2018-08-10 15:36:01,132 - table - DEBUG - <pymongo.cursor.Cursor object at 0x7ff0baf1e940>
2018-08-10 15:36:01,132 - table - DEBUG - <pymongo.cursor.Cursor object at 0x7ff0baf1e940>
2018-08-10 15:36:55,764 - table - DEBUG - st1
2018-08-10 15:36:55,764 - table - DEBUG - st1
2018-08-10 15:36:55,764 - table - DEBUG - <pymongo.cursor.Cursor object at 0x7ff0baf1ec50>
2018-08-10 15:36:55,764 - table - DEBUG - <pymongo.cursor.Cursor object at 0x7ff0baf1ec50>
2018-08-10 15:37:30,427 - table - DEBUG - st1
2018-08-10 15:37:30,427 - table - DEBUG - st1
2018-08-10 15:37:30,427 - table - DEBUG - <pymongo.cursor.Cursor object at 0x7ff0baf1efd0>
2018-08-10 15:37:30,427 - table - DEBUG - <pymongo.cursor.Cursor object at 0x7ff0baf1efd0>
2018-08-10 15:47:50,397 - table - DEBUG - test1
2018-08-10 15:47:50,397 - table - DEBUG - test1
2018-08-10 15:47:50,397 - table - DEBUG - <pymongo.cursor.Cursor object at 0x7ff0baeb95f8>
2018-08-10 15:47:50,397 - table - DEBUG - <pymongo.cursor.Cursor object at 0x7ff0baeb95f8>
2018-08-10 15:52:59,182 - table - DEBUG - test1
2018-08-10 15:52:59,182 - table - DEBUG - test1
2018-08-10 15:52:59,182 - table - DEBUG - <pymongo.cursor.Cursor object at 0x7ff0baeb9da0>
2018-08-10 15:52:59,182 - table - DEBUG - <pymongo.cursor.Cursor object at 0x7ff0baeb9da0>
2018-08-10 15:58:34,220 - table - DEBUG - test1
2018-08-10 15:58:34,220 - table - DEBUG - test1
2018-08-10 15:58:34,220 - table - DEBUG - <pymongo.cursor.Cursor object at 0x7ff0baeb9198>
2018-08-10 15:58:34,220 - table - DEBUG - <pymongo.cursor.Cursor object at 0x7ff0baeb9198>
2018-08-10 16:00:45,908 - table - DEBUG - test1
2018-08-10 16:00:45,908 - table - DEBUG - test1
2018-08-10 16:00:45,908 - table - DEBUG - <pymongo.cursor.Cursor object at 0x7ff0baeb96a0>
2018-08-10 16:00:45,908 - table - DEBUG - <pymongo.cursor.Cursor object at 0x7ff0baeb96a0>
2018-08-10 16:00:48,106 - table - DEBUG - test1
2018-08-10 16:00:48,106 - table - DEBUG - test1
2018-08-10 16:00:48,107 - table - DEBUG - <pymongo.cursor.Cursor object at 0x7ff0baeb9a90>
2018-08-10 16:00:48,107 - table - DEBUG - <pymongo.cursor.Cursor object at 0x7ff0baeb9a90>
2018-08-10 16:01:18,159 - table - DEBUG - test1
2018-08-10 16:01:18,159 - table - DEBUG - test1
2018-08-10 16:01:18,159 - table - DEBUG - <pymongo.cursor.Cursor object at 0x7ff0baeebef0>
2018-08-10 16:01:18,159 - table - DEBUG - <pymongo.cursor.Cursor object at 0x7ff0baeebef0>
2018-08-10 16:01:48,187 - table - DEBUG - test1
2018-08-10 16:01:48,187 - table - DEBUG - test1
2018-08-10 16:01:48,187 - table - DEBUG - <pymongo.cursor.Cursor object at 0x7ff0baeeb940>
2018-08-10 16:01:48,187 - table - DEBUG - <pymongo.cursor.Cursor object at 0x7ff0baeeb940>
2018-08-10 16:02:18,241 - table - DEBUG - test1
2018-08-10 16:02:18,241 - table - DEBUG - test1
2018-08-10 16:02:18,242 - table - DEBUG - <pymongo.cursor.Cursor object at 0x7ff0baeebef0>
2018-08-10 16:02:18,242 - table - DEBUG - <pymongo.cursor.Cursor object at 0x7ff0baeebef0>
2018-08-10 16:02:48,317 - table - DEBUG - test1
2018-08-10 16:02:48,317 - table - DEBUG - test1
2018-08-10 16:02:48,317 - table - DEBUG - <pymongo.cursor.Cursor object at 0x7ff0baeeb860>
2018-08-10 16:02:48,317 - table - DEBUG - <pymongo.cursor.Cursor object at 0x7ff0baeeb860>
2018-08-10 16:03:18,334 - table - DEBUG - test1
2018-08-10 16:03:18,334 - table - DEBUG - test1
2018-08-10 16:03:18,334 - table - DEBUG - <pymongo.cursor.Cursor object at 0x7ff0baeeb7f0>
2018-08-10 16:03:18,334 - table - DEBUG - <pymongo.cursor.Cursor object at 0x7ff0baeeb7f0>
2018-08-10 16:03:48,357 - table - DEBUG - test1
2018-08-10 16:03:48,357 - table - DEBUG - test1
2018-08-10 16:03:48,358 - table - DEBUG - <pymongo.cursor.Cursor object at 0x7ff0baeebd68>
2018-08-10 16:03:48,358 - table - DEBUG - <pymongo.cursor.Cursor object at 0x7ff0baeebd68>
2018-08-10 16:04:18,392 - table - DEBUG - test1
2018-08-10 16:04:18,392 - table - DEBUG - test1
2018-08-10 16:04:18,393 - table - DEBUG - <pymongo.cursor.Cursor object at 0x7ff0baeebb38>
2018-08-10 16:04:18,393 - table - DEBUG - <pymongo.cursor.Cursor object at 0x7ff0baeebb38>
2018-08-10 16:05:51,253 - table - DEBUG - test1
2018-08-10 16:05:51,253 - table - DEBUG - test1
2018-08-10 16:05:51,253 - table - DEBUG - <pymongo.cursor.Cursor object at 0x7ff0baeebcc0>
2018-08-10 16:05:51,253 - table - DEBUG - <pymongo.cursor.Cursor object at 0x7ff0baeebcc0>
2018-08-10 16:06:21,292 - table - DEBUG - test1
2018-08-10 16:06:21,292 - table - DEBUG - test1
2018-08-10 16:06:21,293 - table - DEBUG - <pymongo.cursor.Cursor object at 0x7ff0baeebf28>
2018-08-10 16:06:21,293 - table - DEBUG - <pymongo.cursor.Cursor object at 0x7ff0baeebf28>
2018-08-10 16:06:51,345 - table - DEBUG - test1
2018-08-10 16:06:51,345 - table - DEBUG - test1
2018-08-10 16:06:51,346 - table - DEBUG - <pymongo.cursor.Cursor object at 0x7ff0baeebeb8>
2018-08-10 16:06:51,346 - table - DEBUG - <pymongo.cursor.Cursor object at 0x7ff0baeebeb8>
2018-08-10 16:07:21,417 - table - DEBUG - test1
2018-08-10 16:07:21,417 - table - DEBUG - test1
2018-08-10 16:07:21,417 - table - DEBUG - <pymongo.cursor.Cursor object at 0x7ff0baeebba8>
2018-08-10 16:07:21,417 - table - DEBUG - <pymongo.cursor.Cursor object at 0x7ff0baeebba8>
2018-08-10 16:07:51,441 - table - DEBUG - test1
2018-08-10 16:07:51,441 - table - DEBUG - test1
2018-08-10 16:07:51,441 - table - DEBUG - <pymongo.cursor.Cursor object at 0x7ff0baeeb7f0>
2018-08-10 16:07:51,441 - table - DEBUG - <pymongo.cursor.Cursor object at 0x7ff0baeeb7f0>
2018-08-10 16:08:21,504 - table - DEBUG - test1
2018-08-10 16:08:21,504 - table - DEBUG - test1
2018-08-10 16:08:21,505 - table - DEBUG - <pymongo.cursor.Cursor object at 0x7ff0baeeba58>
2018-08-10 16:08:21,505 - table - DEBUG - <pymongo.cursor.Cursor object at 0x7ff0baeeba58>
2018-08-10 16:08:51,581 - table - DEBUG - test1
2018-08-10 16:08:51,581 - table - DEBUG - test1
2018-08-10 16:08:51,581 - table - DEBUG - <pymongo.cursor.Cursor object at 0x7ff0baeebf60>
2018-08-10 16:08:51,581 - table - DEBUG - <pymongo.cursor.Cursor object at 0x7ff0baeebf60>
2018-08-10 16:09:21,633 - table - DEBUG - test1
2018-08-10 16:09:21,633 - table - DEBUG - test1
2018-08-10 16:09:21,633 - table - DEBUG - <pymongo.cursor.Cursor object at 0x7ff0baeebe48>
2018-08-10 16:09:21,633 - table - DEBUG - <pymongo.cursor.Cursor object at 0x7ff0baeebe48>
2018-08-10 16:26:53,018 - table - DEBUG - test1
2018-08-10 16:26:53,018 - table - DEBUG - test1
2018-08-10 16:26:53,018 - table - DEBUG - <pymongo.cursor.Cursor object at 0x7ff0baeeba90>
2018-08-10 16:26:53,018 - table - DEBUG - <pymongo.cursor.Cursor object at 0x7ff0baeeba90>
2018-08-10 16:27:33,262 - table - DEBUG - test1
2018-08-10 16:27:33,262 - table - DEBUG - test1
2018-08-10 16:27:33,263 - table - DEBUG - <pymongo.cursor.Cursor object at 0x7ff0baeebc50>
2018-08-10 16:27:33,263 - table - DEBUG - <pymongo.cursor.Cursor object at 0x7ff0baeebc50>
2018-08-10 16:27:35,707 - table - DEBUG - test1
2018-08-10 16:27:35,707 - table - DEBUG - test1
2018-08-10 16:27:35,707 - table - DEBUG - <pymongo.cursor.Cursor object at 0x7ff0baeebc50>
2018-08-10 16:27:35,707 - table - DEBUG - <pymongo.cursor.Cursor object at 0x7ff0baeebc50>
2018-08-10 16:28:05,745 - table - DEBUG - test1
2018-08-10 16:28:05,745 - table - DEBUG - test1
2018-08-10 16:28:05,745 - table - DEBUG - <pymongo.cursor.Cursor object at 0x7ff0bae3b048>
2018-08-10 16:28:05,745 - table - DEBUG - <pymongo.cursor.Cursor object at 0x7ff0bae3b048>
2018-08-10 16:28:08,293 - table - DEBUG - test1
2018-08-10 16:28:08,293 - table - DEBUG - test1
2018-08-10 16:28:08,293 - table - DEBUG - <pymongo.cursor.Cursor object at 0x7ff0baeebda0>
2018-08-10 16:28:08,293 - table - DEBUG - <pymongo.cursor.Cursor object at 0x7ff0baeebda0>
2018-08-10 16:28:38,321 - table - DEBUG - test1
2018-08-10 16:28:38,321 - table - DEBUG - test1
2018-08-10 16:28:38,321 - table - DEBUG - <pymongo.cursor.Cursor object at 0x7ff0bae3ba20>
2018-08-10 16:28:38,321 - table - DEBUG - <pymongo.cursor.Cursor object at 0x7ff0bae3ba20>
2018-08-10 16:28:40,813 - table - DEBUG - test1
2018-08-10 16:28:40,813 - table - DEBUG - test1
2018-08-10 16:28:40,813 - table - DEBUG - <pymongo.cursor.Cursor object at 0x7ff0bae3b5c0>
2018-08-10 16:28:40,813 - table - DEBUG - <pymongo.cursor.Cursor object at 0x7ff0bae3b5c0>
2018-08-10 16:29:10,840 - table - DEBUG - test1
2018-08-10 16:29:10,840 - table - DEBUG - test1
2018-08-10 16:29:10,840 - table - DEBUG - <pymongo.cursor.Cursor object at 0x7ff0bae3bc18>
2018-08-10 16:29:10,840 - table - DEBUG - <pymongo.cursor.Cursor object at 0x7ff0bae3bc18>
